<?xml version="1.0" encoding="UTF-8"?>
<!-- Generated by org.testng.reporters.JUnitReportReporter -->
<testsuite hostname="MININT-0TIOLLH" name="com.apple.rest.automation.ItunesSearchAPITest" tests="1" failures="0" timestamp="5 Oct 2016 19:27:36 GMT" time="1.592" errors="0">
  <testcase name="httpClientAutomationTest" time="1.592" classname="com.apple.rest.automation.ItunesSearchAPITest"/>
</testsuite> <!-- com.apple.rest.automation.ItunesSearchAPITest -->
