<?xml version="1.0" encoding="UTF-8"?>
<!-- Generated by org.testng.reporters.JUnitReportReporter -->
<testsuite hostname="DESKTOP-ID9MJDP" name="com.ip.rest.automation.HttpClientRestAutomationTest" tests="1" failures="0" timestamp="5 Oct 2016 18:58:58 GMT" time="1.254" errors="0">
  <testcase name="httpClientAutomationTest" time="1.254" classname="com.ip.rest.automation.HttpClientRestAutomationTest"/>
</testsuite> <!-- com.ip.rest.automation.HttpClientRestAutomationTest -->
