<?xml version="1.0" encoding="UTF-8"?>
<!DOCTYPE suite SYSTEM "http://testng.org/testng-1.0.dtd">


<suite name="restAutomationSuite">

<test name="restAutomationTest">

<classes>
<class name="com.apple.rest.automation.ItunesSearchAPITest"></class>
</classes>
</test>
</suite>